<?xml version="1.0" encoding="UTF-8"?>
<!-- Generated by org.testng.reporters.JUnitReportReporter -->
<testsuite hostname="DESKTOP-FIG0BF1" failures="0" tests="1" name="test.ZoomOutDemo" time="17.960" errors="0" timestamp="2023-02-20T23:12:52 IST" skipped="0">
  <testcase classname="test.ZoomOutDemo" name="zoomOut" time="17.960"/>
  <system-out/>
</testsuite> <!-- test.ZoomOutDemo -->
