<?xml version="1.0" encoding="UTF-8"?>
<!-- Generated by org.testng.reporters.JUnitReportReporter -->
<testsuite hostname="DESKTOP-FIG0BF1" failures="0" tests="1" name="test.SpinnerDemo" time="24.472" errors="0" timestamp="2023-02-20T20:57:57 IST" skipped="0">
  <testcase classname="test.SpinnerDemo" name="selectColourAndPlanetfromSpinner" time="24.472"/>
  <system-out/>
</testsuite> <!-- test.SpinnerDemo -->
