<?xml version="1.0" encoding="UTF-8"?>
<!-- Generated by org.testng.reporters.JUnitReportReporter -->
<testsuite hostname="DESKTOP-FIG0BF1" failures="0" tests="1" name="test.SwipeDemo" time="8.905" errors="0" timestamp="2023-02-20T21:50:29 IST" skipped="0">
  <testcase classname="test.SwipeDemo" name="swipeFromLeftToRight" time="8.905"/>
  <system-out/>
</testsuite> <!-- test.SwipeDemo -->
